proguard/seeds.txt
com.rainmaker.android.batterysaver.AppManager
com.rainmaker.android.batterysaver.AppManager: AppManager()
com.rainmaker.android.batterysaver.BattWidgetProvider
com.rainmaker.android.batterysaver.BattWidgetProvider: BattWidgetProvider()
com.rainmaker.android.batterysaver.BatterySaver
com.rainmaker.android.batterysaver.BatterySaver: BatterySaver()
com.rainmaker.android.batterysaver.CheckableRelativeLayout: void setChecked(boolean)
com.rainmaker.android.batterysaver.GCMIntentService
com.rainmaker.android.batterysaver.GCMIntentService: GCMIntentService()
com.rainmaker.android.batterysaver.InertCheckBox: void setChecked(boolean)
com.rainmaker.android.batterysaver.NetworkScreenOnHelper
com.rainmaker.android.batterysaver.NetworkScreenOnHelper: NetworkScreenOnHelper()
com.rainmaker.android.batterysaver.NotifView
com.rainmaker.android.batterysaver.NotifView: NotifView()
com.rainmaker.android.batterysaver.Notifications
com.rainmaker.android.batterysaver.Notifications: Notifications()
com.rainmaker.android.batterysaver.Preferences
com.rainmaker.android.batterysaver.Preferences: Preferences()
com.rainmaker.android.batterysaver.R$color: int black
com.rainmaker.android.batterysaver.R$color: int blue
com.rainmaker.android.batterysaver.R$color: int darkblue
com.rainmaker.android.batterysaver.R$color: int green
com.rainmaker.android.batterysaver.R$color: int grey
com.rainmaker.android.batterysaver.R$color: int lite_blue
com.rainmaker.android.batterysaver.R$color: int orange
com.rainmaker.android.batterysaver.R$color: int white
com.rainmaker.android.batterysaver.R$drawable: int btn_close
com.rainmaker.android.batterysaver.R$drawable: int btn_close_normal
com.rainmaker.android.batterysaver.R$drawable: int btn_close_pressed
com.rainmaker.android.batterysaver.R$drawable: int btn_close_selected
com.rainmaker.android.batterysaver.R$drawable: int checkbox
com.rainmaker.android.batterysaver.R$drawable: int checkbox_off_background
com.rainmaker.android.batterysaver.R$drawable: int checkbox_off_background_focus_yellow
com.rainmaker.android.batterysaver.R$drawable: int checkbox_on_background
com.rainmaker.android.batterysaver.R$drawable: int checkbox_on_background_focus_yellow
com.rainmaker.android.batterysaver.R$drawable: int data_off
com.rainmaker.android.batterysaver.R$drawable: int data_on
com.rainmaker.android.batterysaver.R$drawable: int ic_action_search
com.rainmaker.android.batterysaver.R$drawable: int ic_launcher
com.rainmaker.android.batterysaver.R$drawable: int icon_notif
com.rainmaker.android.batterysaver.R$drawable: int mode_off
com.rainmaker.android.batterysaver.R$drawable: int mode_on
com.rainmaker.android.batterysaver.R$drawable: int myselect
com.rainmaker.android.batterysaver.R$drawable: int mystyles
com.rainmaker.android.batterysaver.R$drawable: int refresh
com.rainmaker.android.batterysaver.R$drawable: int refresh_rotate
com.rainmaker.android.batterysaver.R$drawable: int settings
com.rainmaker.android.batterysaver.R$drawable: int widget_pik