proguard/mapping.txt
com.rainmaker.android.batterysaver.R$xml -> com.rainmaker.android.batterysaver.bv:
    int batt_widget -> batt_widget
com.rainmaker.android.batterysaver.ServerUtilities -> com.rainmaker.android.batterysaver.bw:
    int MAX_ATTEMPTS -> a
    int BACKOFF_MILLI_SECONDS -> b
    java.util.Random random -> c
    java.lang.String TAG -> d
    boolean register(android.content.Context,java.lang.String,java.lang.String) -> a
    void unregister(android.content.Context,java.lang.String) -> a
    void post(java.lang.String,java.util.Map,android.content.Context) -> a
    void updateLocalGcm(java.lang.String,android.content.Context) -> a
com.rainmaker.android.batterysaver.UpdateWidget -> com.rainmaker.android.batterysaver.UpdateWidget:
    android.widget.RemoteViews remoteViews -> a
    android.content.SharedPreferences prefs -> b
    android.os.Handler mHandler -> c
    android.content.Context ctx -> d
    android.os.IBinder onBind(android.content.Intent) -> onBind
    void onStart(android.content.Intent,int) -> onStart
    boolean isDATANetworkON() -> a
    boolean isPro() -> b
com.rainmaker.android.batterysaver.Upsell -> com.rainmaker.android.batterysaver.Upsell:
    void onCreate(android.os.Bundle) -> onCreate
com.rainmaker.android.batterysaver.Upsell$1 -> com.rainmaker.android.batterysaver.bx:
    com.rainmaker.android.batterysaver.Upsell this$0 -> a
    void onClick(android.view.View) -> onClick
com.rainmaker.android.batterysaver.Upsell$2 -> com.rainmaker.android.batterysaver.by:
    com.rainmaker.android.batterysaver.Upsell this$0 -> a
    void onClick(android.view.View) -> onClick
com.rainmaker.android.batterysaver.Utilities -> com.rainmaker.android.batterysaver.bz:
    java.util.List getInstalledApplication(android.content.Context) -> a
    boolean launchApp(android.content.Context,android.content.pm.PackageManager,java.lang.String) -> a
com.rainmaker.android.batterysaver.WelcomeNotif -> com.rainmaker.android.batterysaver.WelcomeNotif:
    android.os.Handler mHandler -> a
    android.widget.TextView title -> b
    android.widget.TextView desc -> c
    void onCreate(android.os.Bundle) -> onCreate
com.rainmaker.android.batterysaver.WidgetDATAOnService -> com.rainmaker.android.batterysaver.WidgetDATAOnService:
    android.widget.RemoteViews remoteViews -> a
    android.os.IBinder onBind(android.content.Intent) -> onBind
    void onStart(android.content.Intent,int) -> onStart
    boolean isDATANetworkON() -> a
    void setMobileDataEnabled(android.content.Context,boolean) -> a
    boolean isPro() -> b
com.rainmaker.android.batterysaver.WidgetModeChangeServiceOFF -> com.rainmaker.android.batterysaver.WidgetModeChangeServiceOFF:
    android.content.SharedPreferences prefs -> a
    android.os.IBinder onBind(android.content.Intent) -> onBind
    void onStart(android.content.Intent,int) -> onStart
    boolean isPro() -> a
com.rainmaker.android.batterysaver.WidgetModeChangeServiceON -> com.rainmaker.android.batterysaver.WidgetModeChangeServiceON:
    android.content.SharedPreferences prefs -> a
    android.os.IBinder onBind(android.content.Intent) -> onBind
    void onStart(android.content.Intent,int) -> onStart
    boolean isPro() -> a
com.rainmaker.android.batterysaver.WidgetWIFIOnService -> com.rainmaker.android.batterysaver.WidgetWIFIOnService:
    android.widget.RemoteViews remoteViews -> a
    android.os.IBinder onBind(android.content.Intent) -> onBind
    void onStart(android.content.Intent,int) -> onStart
    void setMobileDataEnabled(android.content.Context,boolean) -> a
    boolean isPro() -> a
com.rainmaker.android.batterysaver.WifiOFFService -> com.rainmaker.android.batterysaver.WifiOFFService:
    java.lang.String TAG -> a
    android.content.SharedPreferences prefs -> b
    android.os.IBinder onBind(android.content.Intent) -> onBind
    void onCreate() -> onCreate
    void onStart(android.content.Intent,int) -> onStart
    boolean isSleeping() -> a
    boolean sleepValue() -> b